  warmingup.c
C:\IEONCG\9-3CG\Warming-up 1\Warming-up 1-2\warmingup.c(31,2): warning C4996: 'scanf': This function or variable may be unsafe. Consider using scanf_s instead. To disable deprecation, use _CRT_SECURE_NO_WARNINGS. See online help for details.
C:\IEONCG\9-3CG\Warming-up 1\Warming-up 1-2\warmingup.c(33,9): warning C4996: 'fopen': This function or variable may be unsafe. Consider using fopen_s instead. To disable deprecation, use _CRT_SECURE_NO_WARNINGS. See online help for details.
C:\IEONCG\9-3CG\Warming-up 1\Warming-up 1-2\warmingup.c(46,3): warning C4996: 'scanf': This function or variable may be unsafe. Consider using scanf_s instead. To disable deprecation, use _CRT_SECURE_NO_WARNINGS. See online help for details.
C:\IEONCG\9-3CG\Warming-up 1\Warming-up 1-2\warmingup.c(105,5): warning C4996: 'scanf': This function or variable may be unsafe. Consider using scanf_s instead. To disable deprecation, use _CRT_SECURE_NO_WARNINGS. See online help for details.
C:\IEONCG\9-3CG\Warming-up 1\Warming-up 1-2\warmingup.c(108,5): warning C4996: 'scanf': This function or variable may be unsafe. Consider using scanf_s instead. To disable deprecation, use _CRT_SECURE_NO_WARNINGS. See online help for details.
C:\IEONCG\9-3CG\Warming-up 1\Warming-up 1-2\warmingup.c(145,4): warning C4996: 'scanf': This function or variable may be unsafe. Consider using scanf_s instead. To disable deprecation, use _CRT_SECURE_NO_WARNINGS. See online help for details.
C:\IEONCG\9-3CG\Warming-up 1\Warming-up 1-2\warmingup.c(238,13): warning C4267: '초기화 중': 'size_t'에서 'int'(으)로 변환하면서 데이터가 손실될 수 있습니다.
C:\IEONCG\9-3CG\Warming-up 1\Warming-up 1-2\warmingup.c(256,13): warning C4267: '초기화 중': 'size_t'에서 'int'(으)로 변환하면서 데이터가 손실될 수 있습니다.
C:\IEONCG\9-3CG\Warming-up 1\Warming-up 1-2\warmingup.c(282,13): warning C4267: '초기화 중': 'size_t'에서 'int'(으)로 변환하면서 데이터가 손실될 수 있습니다.
C:\IEONCG\9-3CG\Warming-up 1\Warming-up 1-2\warmingup.c(341,17): warning C4267: '초기화 중': 'size_t'에서 'int'(으)로 변환하면서 데이터가 손실될 수 있습니다.
C:\IEONCG\9-3CG\Warming-up 1\Warming-up 1-2\warmingup.c(346,13): warning C4267: '초기화 중': 'size_t'에서 'int'(으)로 변환하면서 데이터가 손실될 수 있습니다.
C:\IEONCG\9-3CG\Warming-up 1\Warming-up 1-2\warmingup.c(422,5): warning C4996: 'strcpy': This function or variable may be unsafe. Consider using strcpy_s instead. To disable deprecation, use _CRT_SECURE_NO_WARNINGS. See online help for details.
C:\IEONCG\9-3CG\Warming-up 1\Warming-up 1-2\warmingup.c(423,5): warning C4996: 'strcpy': This function or variable may be unsafe. Consider using strcpy_s instead. To disable deprecation, use _CRT_SECURE_NO_WARNINGS. See online help for details.
C:\IEONCG\9-3CG\Warming-up 1\Warming-up 1-2\warmingup.c(424,5): warning C4996: 'strcpy': This function or variable may be unsafe. Consider using strcpy_s instead. To disable deprecation, use _CRT_SECURE_NO_WARNINGS. See online help for details.
C:\IEONCG\9-3CG\Warming-up 1\Warming-up 1-2\warmingup.c(453,5): warning C4996: 'strcpy': This function or variable may be unsafe. Consider using strcpy_s instead. To disable deprecation, use _CRT_SECURE_NO_WARNINGS. See online help for details.
C:\IEONCG\9-3CG\Warming-up 1\Warming-up 1-2\warmingup.c(454,5): warning C4996: 'strcpy': This function or variable may be unsafe. Consider using strcpy_s instead. To disable deprecation, use _CRT_SECURE_NO_WARNINGS. See online help for details.
C:\IEONCG\9-3CG\Warming-up 1\Warming-up 1-2\warmingup.c(455,5): warning C4996: 'strcpy': This function or variable may be unsafe. Consider using strcpy_s instead. To disable deprecation, use _CRT_SECURE_NO_WARNINGS. See online help for details.
  코드를 생성하고 있습니다.
  3 of 21 functions (14.3%) were compiled, the rest were copied from previous compilation.
    2 functions were new in current compilation
    7 functions had inline decision re-evaluated but remain unchanged
  코드를 생성했습니다.
  Warming-up 1-2.vcxproj -> C:\IEONCG\9-3CG\Warming-up 1\x64\Release\Warming-up 1-2.exe
